<?xml version="1.0" encoding="UTF-8"?>
<!-- Generated by org.testng.reporters.JUnitXMLReporter -->
<testsuite ignored="0" hostname="Keshav-PC" failures="1" tests="20" name="Different TestNg Feature test" time="73.609" errors="0" timestamp="2019-12-16T15:39:14 NZDT">
  <testcase classname="com.testngbasics.ExceptionTimeOutTest" name="test1" time="0.016"/>
  <testcase classname="com.testngbasics.GoogleTitleTest" name="googleLogoTest" time="0.255"/>
  <testcase classname="com.testngbasics.GoogleTitleTest" name="googleTitleTest" time="0.021"/>
  <testcase classname="com.testngbasics.GoogleTitleTest" name="googleTitleTest1" time="0.205">
    <failure type="java.lang.AssertionError" message="Title is not matched expected [Google123] but found [Google]">
      <![CDATA[java.lang.AssertionError: Title is not matched expected [Google123] but found [Google]
at com.testngbasics.GoogleTitleTest.googleTitleTest1(GoogleTitleTest.java:39)
at java.base/java.util.ArrayList.forEach(ArrayList.java:1507)
... Removed 31 stack frames]]>
    </failure>
  </testcase> <!-- googleTitleTest1 -->
  <testcase classname="com.testngbasics.InvocationCountTest" name="sum" time="0.006"/>
  <testcase classname="com.testngbasics.InvocationCountTest" name="sum" time="0.007"/>
  <testcase classname="com.testngbasics.InvocationCountTest" name="sum" time="0.007"/>
  <testcase classname="com.testngbasics.InvocationCountTest" name="sum" time="0.007"/>
  <testcase classname="com.testngbasics.InvocationCountTest" name="sum" time="0.003"/>
  <testcase classname="com.testngbasics.InvocationCountTest" name="sum" time="0.003"/>
  <testcase classname="com.testngbasics.InvocationCountTest" name="sum" time="0.003"/>
  <testcase classname="com.testngbasics.InvocationCountTest" name="sum" time="0.001"/>
  <testcase classname="com.testngbasics.InvocationCountTest" name="sum" time="0.002"/>
  <testcase classname="com.testngbasics.InvocationCountTest" name="sum" time="0.003"/>
  <testcase classname="com.testngbasics.TestNgBasics" name="googleTitleTest" time="0.082"/>
  <testcase classname="com.testngbasics.TestNgBasics" name="googlePageURL" time="0.01"/>
  <testcase classname="com.testngbasics.TestNgFeatures" name="LoginTest" time="0.002"/>
  <testcase classname="com.testngbasics.TestNgFeatures" name="HomePageTest" time="0.001"/>
  <testcase classname="com.testngbasics.TestNgFeatures" name="RegisterPageTest" time="0.001"/>
  <testcase classname="com.testngbasics.TestNgFeatures" name="SearchPageTest" time="0.002"/>
</testsuite> <!-- Different TestNg Feature test -->
