<?xml version="1.0" encoding="UTF-8"?>
<testng-results ignored="0" total="20" passed="19" failed="1" skipped="0">
  <reporter-output>
  </reporter-output>
  <suite started-at="2019-12-16T15:38:00 NZDT" name="TestNg Session suite" finished-at="2019-12-16T15:39:13 NZDT" duration-ms="73609">
    <groups>
      <group name="Title">
        <method signature="TestNgBasics.googleTitleTest()[pri:1, instance:com.testngbasics.TestNgBasics@add0edd]" name="googleTitleTest" class="com.testngbasics.TestNgBasics"/>
      </group> <!-- Title -->
      <group name="Check URL">
        <method signature="TestNgBasics.googlePageURL()[pri:2, instance:com.testngbasics.TestNgBasics@add0edd]" name="googlePageURL" class="com.testngbasics.TestNgBasics"/>
      </group> <!-- Check URL -->
    </groups>
    <test started-at="2019-12-16T15:38:00 NZDT" name="Different TestNg Feature test" finished-at="2019-12-16T15:39:13 NZDT" duration-ms="73609">
      <class name="com.testngbasics.GoogleTitleTest">
        <test-method is-config="true" signature="setup()[pri:0, instance:com.testngbasics.GoogleTitleTest@1198b989]" started-at="2019-12-16T15:38:00 NZDT" name="setup" finished-at="2019-12-16T15:38:12 NZDT" duration-ms="12411" status="PASS">
          <reporter-output>
          </reporter-output>
        </test-method> <!-- setup -->
        <test-method signature="googleLogoTest()[pri:0, instance:com.testngbasics.GoogleTitleTest@1198b989]" started-at="2019-12-16T15:38:12 NZDT" name="googleLogoTest" finished-at="2019-12-16T15:38:13 NZDT" duration-ms="255" status="PASS">
          <reporter-output>
          </reporter-output>
        </test-method> <!-- googleLogoTest -->
        <test-method is-config="true" signature="teardown()[pri:0, instance:com.testngbasics.GoogleTitleTest@1198b989]" started-at="2019-12-16T15:38:13 NZDT" name="teardown" finished-at="2019-12-16T15:38:13 NZDT" duration-ms="183" status="PASS">
          <reporter-output>
          </reporter-output>
        </test-method> <!-- teardown -->
        <test-method is-config="true" signature="setup()[pri:0, instance:com.testngbasics.GoogleTitleTest@1198b989]" started-at="2019-12-16T15:38:13 NZDT" name="setup" finished-at="2019-12-16T15:38:25 NZDT" duration-ms="11801" status="PASS">
          <reporter-output>
          </reporter-output>
        </test-method> <!-- setup -->
        <test-method signature="googleTitleTest()[pri:0, instance:com.testngbasics.GoogleTitleTest@1198b989]" started-at="2019-12-16T15:38:25 NZDT" name="googleTitleTest" finished-at="2019-12-16T15:38:25 NZDT" duration-ms="21" status="PASS">
          <reporter-output>
          </reporter-output>
        </test-method> <!-- googleTitleTest -->
        <test-method is-config="true" signature="teardown()[pri:0, instance:com.testngbasics.GoogleTitleTest@1198b989]" started-at="2019-12-16T15:38:25 NZDT" name="teardown" finished-at="2019-12-16T15:38:29 NZDT" duration-ms="4145" status="PASS">
          <reporter-output>
          </reporter-output>
        </test-method> <!-- teardown -->
        <test-method is-config="true" signature="setup()[pri:0, instance:com.testngbasics.GoogleTitleTest@1198b989]" started-at="2019-12-16T15:38:29 NZDT" name="setup" finished-at="2019-12-16T15:38:41 NZDT" duration-ms="12111" status="PASS">
          <reporter-output>
          </reporter-output>
        </test-method> <!-- setup -->
        <test-method signature="googleTitleTest1()[pri:0, instance:com.testngbasics.GoogleTitleTest@1198b989]" started-at="2019-12-16T15:38:41 NZDT" name="googleTitleTest1" finished-at="2019-12-16T15:38:41 NZDT" duration-ms="205" status="FAIL">
          <exception class="java.lang.AssertionError">
            <message>
              <![CDATA[Title is not matched expected [Google123] but found [Google]]]>
            </message>
            <full-stacktrace>
              <![CDATA[java.lang.AssertionError: Title is not matched expected [Google123] but found [Google]
at org.testng.Assert.fail(Assert.java:97)
at org.testng.Assert.assertEqualsImpl(Assert.java:136)
at org.testng.Assert.assertEquals(Assert.java:118)
at org.testng.Assert.assertEquals(Assert.java:575)
at com.testngbasics.GoogleTitleTest.googleTitleTest1(GoogleTitleTest.java:39)
at java.base/jdk.internal.reflect.NativeMethodAccessorImpl.invoke0(Native Method)
at java.base/jdk.internal.reflect.NativeMethodAccessorImpl.invoke(NativeMethodAccessorImpl.java:62)
at java.base/jdk.internal.reflect.DelegatingMethodAccessorImpl.invoke(DelegatingMethodAccessorImpl.java:43)
at java.base/java.lang.reflect.Method.invoke(Method.java:567)
at org.testng.internal.MethodInvocationHelper.invokeMethod(MethodInvocationHelper.java:133)
at org.testng.internal.TestInvoker.invokeMethod(TestInvoker.java:584)
at org.testng.internal.TestInvoker.invokeTestMethod(TestInvoker.java:172)
at org.testng.internal.MethodRunner.runInSequence(MethodRunner.java:46)
at org.testng.internal.TestInvoker$MethodInvocationAgent.invoke(TestInvoker.java:804)
at org.testng.internal.TestInvoker.invokeTestMethods(TestInvoker.java:145)
at org.testng.internal.TestMethodWorker.invokeTestMethods(TestMethodWorker.java:146)
at org.testng.internal.TestMethodWorker.run(TestMethodWorker.java:128)
at java.base/java.util.ArrayList.forEach(ArrayList.java:1507)
at org.testng.TestRunner.privateRun(TestRunner.java:770)
at org.testng.TestRunner.run(TestRunner.java:591)
at org.testng.SuiteRunner.runTest(SuiteRunner.java:402)
at org.testng.SuiteRunner.runSequentially(SuiteRunner.java:396)
at org.testng.SuiteRunner.privateRun(SuiteRunner.java:355)
at org.testng.SuiteRunner.run(SuiteRunner.java:304)
at org.testng.SuiteRunnerWorker.runSuite(SuiteRunnerWorker.java:53)
at org.testng.SuiteRunnerWorker.run(SuiteRunnerWorker.java:96)
at org.testng.TestNG.runSuitesSequentially(TestNG.java:1180)
at org.testng.TestNG.runSuitesLocally(TestNG.java:1102)
at org.testng.TestNG.runSuites(TestNG.java:1032)
at org.testng.TestNG.run(TestNG.java:1000)
at org.testng.remote.AbstractRemoteTestNG.run(AbstractRemoteTestNG.java:115)
at org.testng.remote.RemoteTestNG.initAndRun(RemoteTestNG.java:251)
at org.testng.remote.RemoteTestNG.main(RemoteTestNG.java:77)
]]>
            </full-stacktrace>
          </exception> <!-- java.lang.AssertionError -->
          <reporter-output>
          </reporter-output>
        </test-method> <!-- googleTitleTest1 -->
        <test-method is-config="true" signature="teardown()[pri:0, instance:com.testngbasics.GoogleTitleTest@1198b989]" started-at="2019-12-16T15:38:41 NZDT" name="teardown" finished-at="2019-12-16T15:38:46 NZDT" duration-ms="4599" status="PASS">
          <reporter-output>
          </reporter-output>
        </test-method> <!-- teardown -->
      </class> <!-- com.testngbasics.GoogleTitleTest -->
      <class name="com.testngbasics.ExceptionTimeOutTest">
        <test-method signature="test1()[pri:0, instance:com.testngbasics.ExceptionTimeOutTest@527e5409]" started-at="2019-12-16T15:38:00 NZDT" name="test1" finished-at="2019-12-16T15:38:00 NZDT" duration-ms="16" status="PASS">
          <exception class="java.lang.NumberFormatException">
            <message>
              <![CDATA[For input string: "1100A"]]>
            </message>
            <full-stacktrace>
              <![CDATA[java.lang.NumberFormatException: For input string: "1100A"
at java.base/java.lang.NumberFormatException.forInputString(NumberFormatException.java:68)
at java.base/java.lang.Integer.parseInt(Integer.java:658)
at java.base/java.lang.Integer.parseInt(Integer.java:776)
at com.testngbasics.ExceptionTimeOutTest.test1(ExceptionTimeOutTest.java:17)
at java.base/jdk.internal.reflect.NativeMethodAccessorImpl.invoke0(Native Method)
at java.base/jdk.internal.reflect.NativeMethodAccessorImpl.invoke(NativeMethodAccessorImpl.java:62)
at java.base/jdk.internal.reflect.DelegatingMethodAccessorImpl.invoke(DelegatingMethodAccessorImpl.java:43)
at java.base/java.lang.reflect.Method.invoke(Method.java:567)
at org.testng.internal.MethodInvocationHelper.invokeMethod(MethodInvocationHelper.java:133)
at org.testng.internal.TestInvoker.invokeMethod(TestInvoker.java:584)
at org.testng.internal.TestInvoker.invokeTestMethod(TestInvoker.java:172)
at org.testng.internal.MethodRunner.runInSequence(MethodRunner.java:46)
at org.testng.internal.TestInvoker$MethodInvocationAgent.invoke(TestInvoker.java:804)
at org.testng.internal.TestInvoker.invokeTestMethods(TestInvoker.java:145)
at org.testng.internal.TestMethodWorker.invokeTestMethods(TestMethodWorker.java:146)
at org.testng.internal.TestMethodWorker.run(TestMethodWorker.java:128)
at java.base/java.util.ArrayList.forEach(ArrayList.java:1507)
at org.testng.TestRunner.privateRun(TestRunner.java:770)
at org.testng.TestRunner.run(TestRunner.java:591)
at org.testng.SuiteRunner.runTest(SuiteRunner.java:402)
at org.testng.SuiteRunner.runSequentially(SuiteRunner.java:396)
at org.testng.SuiteRunner.privateRun(SuiteRunner.java:355)
at org.testng.SuiteRunner.run(SuiteRunner.java:304)
at org.testng.SuiteRunnerWorker.runSuite(SuiteRunnerWorker.java:53)
at org.testng.SuiteRunnerWorker.run(SuiteRunnerWorker.java:96)
at org.testng.TestNG.runSuitesSequentially(TestNG.java:1180)
at org.testng.TestNG.runSuitesLocally(TestNG.java:1102)
at org.testng.TestNG.runSuites(TestNG.java:1032)
at org.testng.TestNG.run(TestNG.java:1000)
at org.testng.remote.AbstractRemoteTestNG.run(AbstractRemoteTestNG.java:115)
at org.testng.remote.RemoteTestNG.initAndRun(RemoteTestNG.java:251)
at org.testng.remote.RemoteTestNG.main(RemoteTestNG.java:77)
]]>
            </full-stacktrace>
          </exception> <!-- java.lang.NumberFormatException -->
          <reporter-output>
          </reporter-output>
        </test-method> <!-- test1 -->
      </class> <!-- com.testngbasics.ExceptionTimeOutTest -->
      <class name="com.testngbasics.InvocationCountTest">
        <test-method signature="sum()[pri:0, instance:com.testngbasics.InvocationCountTest@7ff95560]" started-at="2019-12-16T15:38:46 NZDT" name="sum" finished-at="2019-12-16T15:38:46 NZDT" duration-ms="6" status="PASS">
          <reporter-output>
          </reporter-output>
        </test-method> <!-- sum -->
        <test-method signature="sum()[pri:0, instance:com.testngbasics.InvocationCountTest@7ff95560]" started-at="2019-12-16T15:38:46 NZDT" name="sum" finished-at="2019-12-16T15:38:46 NZDT" duration-ms="7" status="PASS">
          <reporter-output>
          </reporter-output>
        </test-method> <!-- sum -->
        <test-method signature="sum()[pri:0, instance:com.testngbasics.InvocationCountTest@7ff95560]" started-at="2019-12-16T15:38:46 NZDT" name="sum" finished-at="2019-12-16T15:38:46 NZDT" duration-ms="7" status="PASS">
          <reporter-output>
          </reporter-output>
        </test-method> <!-- sum -->
        <test-method signature="sum()[pri:0, instance:com.testngbasics.InvocationCountTest@7ff95560]" started-at="2019-12-16T15:38:46 NZDT" name="sum" finished-at="2019-12-16T15:38:46 NZDT" duration-ms="7" status="PASS">
          <reporter-output>
          </reporter-output>
        </test-method> <!-- sum -->
        <test-method signature="sum()[pri:0, instance:com.testngbasics.InvocationCountTest@7ff95560]" started-at="2019-12-16T15:38:46 NZDT" name="sum" finished-at="2019-12-16T15:38:46 NZDT" duration-ms="3" status="PASS">
          <reporter-output>
          </reporter-output>
        </test-method> <!-- sum -->
        <test-method signature="sum()[pri:0, instance:com.testngbasics.InvocationCountTest@7ff95560]" started-at="2019-12-16T15:38:46 NZDT" name="sum" finished-at="2019-12-16T15:38:46 NZDT" duration-ms="3" status="PASS">
          <reporter-output>
          </reporter-output>
        </test-method> <!-- sum -->
        <test-method signature="sum()[pri:0, instance:com.testngbasics.InvocationCountTest@7ff95560]" started-at="2019-12-16T15:38:46 NZDT" name="sum" finished-at="2019-12-16T15:38:46 NZDT" duration-ms="3" status="PASS">
          <reporter-output>
          </reporter-output>
        </test-method> <!-- sum -->
        <test-method signature="sum()[pri:0, instance:com.testngbasics.InvocationCountTest@7ff95560]" started-at="2019-12-16T15:38:46 NZDT" name="sum" finished-at="2019-12-16T15:38:46 NZDT" duration-ms="1" status="PASS">
          <reporter-output>
          </reporter-output>
        </test-method> <!-- sum -->
        <test-method signature="sum()[pri:0, instance:com.testngbasics.InvocationCountTest@7ff95560]" started-at="2019-12-16T15:38:46 NZDT" name="sum" finished-at="2019-12-16T15:38:46 NZDT" duration-ms="2" status="PASS">
          <reporter-output>
          </reporter-output>
        </test-method> <!-- sum -->
        <test-method signature="sum()[pri:0, instance:com.testngbasics.InvocationCountTest@7ff95560]" started-at="2019-12-16T15:38:46 NZDT" name="sum" finished-at="2019-12-16T15:38:46 NZDT" duration-ms="3" status="PASS">
          <reporter-output>
          </reporter-output>
        </test-method> <!-- sum -->
      </class> <!-- com.testngbasics.InvocationCountTest -->
      <class name="com.testngbasics.TestNgFeatures">
        <test-method signature="LoginTest()[pri:0, instance:com.testngbasics.TestNgFeatures@2aa3cd93]" started-at="2019-12-16T15:39:13 NZDT" name="LoginTest" finished-at="2019-12-16T15:39:13 NZDT" duration-ms="2" status="PASS">
          <reporter-output>
          </reporter-output>
        </test-method> <!-- LoginTest -->
        <test-method signature="HomePageTest()[pri:0, instance:com.testngbasics.TestNgFeatures@2aa3cd93]" started-at="2019-12-16T15:39:13 NZDT" name="HomePageTest" finished-at="2019-12-16T15:39:13 NZDT" depends-on-methods="com.testngbasics.TestNgFeatures.LoginTest" duration-ms="1" status="PASS">
          <reporter-output>
          </reporter-output>
        </test-method> <!-- HomePageTest -->
        <test-method signature="RegisterPageTest()[pri:0, instance:com.testngbasics.TestNgFeatures@2aa3cd93]" started-at="2019-12-16T15:39:13 NZDT" name="RegisterPageTest" finished-at="2019-12-16T15:39:13 NZDT" depends-on-methods="com.testngbasics.TestNgFeatures.LoginTest" duration-ms="1" status="PASS">
          <reporter-output>
          </reporter-output>
        </test-method> <!-- RegisterPageTest -->
        <test-method signature="SearchPageTest()[pri:0, instance:com.testngbasics.TestNgFeatures@2aa3cd93]" started-at="2019-12-16T15:39:13 NZDT" name="SearchPageTest" finished-at="2019-12-16T15:39:13 NZDT" depends-on-methods="com.testngbasics.TestNgFeatures.LoginTest" duration-ms="2" status="PASS">
          <reporter-output>
          </reporter-output>
        </test-method> <!-- SearchPageTest -->
      </class> <!-- com.testngbasics.TestNgFeatures -->
      <class name="com.testngbasics.TestNgBasics">
        <test-method is-config="true" signature="setup()[pri:0, instance:com.testngbasics.TestNgBasics@add0edd]" started-at="2019-12-16T15:38:46 NZDT" name="setup" finished-at="2019-12-16T15:38:57 NZDT" duration-ms="11731" status="PASS">
          <reporter-output>
          </reporter-output>
        </test-method> <!-- setup -->
        <test-method signature="googleTitleTest()[pri:1, instance:com.testngbasics.TestNgBasics@add0edd]" started-at="2019-12-16T15:38:57 NZDT" name="googleTitleTest" finished-at="2019-12-16T15:38:58 NZDT" duration-ms="82" status="PASS">
          <reporter-output>
          </reporter-output>
        </test-method> <!-- googleTitleTest -->
        <test-method is-config="true" signature="teardown()[pri:0, instance:com.testngbasics.TestNgBasics@add0edd]" started-at="2019-12-16T15:38:58 NZDT" name="teardown" finished-at="2019-12-16T15:38:58 NZDT" duration-ms="226" status="PASS">
          <reporter-output>
          </reporter-output>
        </test-method> <!-- teardown -->
        <test-method is-config="true" signature="setup()[pri:0, instance:com.testngbasics.TestNgBasics@add0edd]" started-at="2019-12-16T15:38:58 NZDT" name="setup" finished-at="2019-12-16T15:39:09 NZDT" duration-ms="11400" status="PASS">
          <reporter-output>
          </reporter-output>
        </test-method> <!-- setup -->
        <test-method signature="googlePageURL()[pri:2, instance:com.testngbasics.TestNgBasics@add0edd]" started-at="2019-12-16T15:39:09 NZDT" name="googlePageURL" finished-at="2019-12-16T15:39:09 NZDT" duration-ms="10" status="PASS">
          <reporter-output>
          </reporter-output>
        </test-method> <!-- googlePageURL -->
        <test-method is-config="true" signature="teardown()[pri:0, instance:com.testngbasics.TestNgBasics@add0edd]" started-at="2019-12-16T15:39:09 NZDT" name="teardown" finished-at="2019-12-16T15:39:13 NZDT" duration-ms="4201" status="PASS">
          <reporter-output>
          </reporter-output>
        </test-method> <!-- teardown -->
      </class> <!-- com.testngbasics.TestNgBasics -->
    </test> <!-- Different TestNg Feature test -->
  </suite> <!-- TestNg Session suite -->
</testng-results>
